# JRE version: Java(TM) SE Runtime Environment (7.0_79-b15) (build 1.7.0_79-b15)
# Java VM: Java HotSpot(TM) 64-Bit Server VM (24.79-b02 mixed mode windows-amd64 compressed oops)
Heap
 def new generation   total 39296K, used 29426K [0x0000000770000000, 0x0000000772aa0000, 0x000000079aaa0000)
  eden space 34944K,  77% used [0x0000000770000000, 0x0000000771a6bd78, 0x0000000772220000)
  from space 4352K,  54% used [0x0000000772220000, 0x0000000772470d58, 0x0000000772660000)
  to   space 4352K,   0% used [0x0000000772660000, 0x0000000772660000, 0x0000000772aa0000)
 tenured generation   total 87424K, used 86837K [0x000000079aaa0000, 0x00000007a0000000, 0x00000007f0000000)
   the space 87424K,  99% used [0x000000079aaa0000, 0x000000079ff6d580, 0x000000079ff6d600, 0x00000007a0000000)
 compacting perm gen  total 131072K, used 68450K [0x00000007f0000000, 0x00000007f8000000, 0x0000000800000000)
   the space 131072K,  52% used [0x00000007f0000000, 0x00000007f42d8b38, 0x00000007f42d8c00, 0x00000007f8000000)
GC Heap History (10 events):
Event: 238.908 GC heap before
{Heap before GC invocations=81 (full 0):
 def new generation   total 39296K, used 37174K [0x0000000770000000, 0x0000000772aa0000, 0x000000079aaa0000)
  eden space 34944K, 100% used [0x0000000770000000, 0x0000000772220000, 0x0000000772220000)
  from space 4352K,  51% used [0x0000000772660000, 0x000000077288da28, 0x0000000772aa0000)
  to   space 4352K,   0% used [0x0000000772220000, 0x0000000772220000, 0x0000000772660000)
 tenured generation   total 87424K, used 85992K [0x000000079aaa0000, 0x00000007a0000000, 0x00000007f0000000)
   the space 87424K,  98% used [0x000000079aaa0000, 0x000000079fe9a0d0, 0x000000079fe9a200, 0x00000007a0000000)
 compacting perm gen  total 131072K, used 68285K [0x00000007f0000000, 0x00000007f8000000, 0x0000000800000000)
   the space 131072K,  52% used [0x00000007f0000000, 0x00000007f42af490, 0x00000007f42af600, 0x00000007f8000000)
No shared spaces configured.
Event: 238.918 GC heap after
Heap after GC invocations=82 (full 0):
 def new generation   total 39296K, used 2428K [0x0000000770000000, 0x0000000772aa0000, 0x000000079aaa0000)
  eden space 34944K,   0% used [0x0000000770000000, 0x0000000770000000, 0x0000000772220000)
  from space 4352K,  55% used [0x0000000772220000, 0x000000077247f190, 0x0000000772660000)
  to   space 4352K,   0% used [0x0000000772660000, 0x0000000772660000, 0x0000000772aa0000)
 tenured generation   total 87424K, used 86491K [0x000000079aaa0000, 0x00000007a0000000, 0x00000007f0000000)
   the space 87424K,  98% used [0x000000079aaa0000, 0x000000079ff16e78, 0x000000079ff17000, 0x00000007a0000000)
 compacting perm gen  total 131072K, used 68285K [0x00000007f0000000, 0x00000007f8000000, 0x0000000800000000)
   the space 131072K,  52% used [0x00000007f0000000, 0x00000007f42af490, 0x00000007f42af600, 0x00000007f8000000)
No shared spaces configured.
}
Event: 398.891 GC heap before
{Heap before GC invocations=82 (full 0):
 def new generation   total 39296K, used 37372K [0x0000000770000000, 0x0000000772aa0000, 0x000000079aaa0000)
  eden space 34944K, 100% used [0x0000000770000000, 0x0000000772220000, 0x0000000772220000)
  from space 4352K,  55% used [0x0000000772220000, 0x000000077247f190, 0x0000000772660000)
  to   space 4352K,   0% used [0x0000000772660000, 0x0000000772660000, 0x0000000772aa0000)
 tenured generation   total 87424K, used 86491K [0x000000079aaa0000, 0x00000007a0000000, 0x00000007f0000000)
   the space 87424K,  98% used [0x000000079aaa0000, 0x000000079ff16e78, 0x000000079ff17000, 0x00000007a0000000)
 compacting perm gen  total 131072K, used 68333K [0x00000007f0000000, 0x00000007f8000000, 0x0000000800000000)
   the space 131072K,  52% used [0x00000007f0000000, 0x00000007f42bb438, 0x00000007f42bb600, 0x00000007f8000000)
No shared spaces configured.
Event: 398.897 GC heap after
Heap after GC invocations=83 (full 0):
 def new generation   total 39296K, used 1904K [0x0000000770000000, 0x0000000772aa0000, 0x000000079aaa0000)
  eden space 34944K,   0% used [0x0000000770000000, 0x0000000770000000, 0x0000000772220000)
  from space 4352K,  43% used [0x0000000772660000, 0x000000077283c330, 0x0000000772aa0000)
  to   space 4352K,   0% used [0x0000000772220000, 0x0000000772220000, 0x0000000772660000)
 tenured generation   total 87424K, used 86837K [0x000000079aaa0000, 0x00000007a0000000, 0x00000007f0000000)
   the space 87424K,  99% used [0x000000079aaa0000, 0x000000079ff6d580, 0x000000079ff6d600, 0x00000007a0000000)
 compacting perm gen  total 131072K, used 68333K [0x00000007f0000000, 0x00000007f8000000, 0x0000000800000000)
   the space 131072K,  52% used [0x00000007f0000000, 0x00000007f42bb438, 0x00000007f42bb600, 0x00000007f8000000)
No shared spaces configured.
}
Event: 667.141 GC heap before
{Heap before GC invocations=83 (full 0):
 def new generation   total 39296K, used 36848K [0x0000000770000000, 0x0000000772aa0000, 0x000000079aaa0000)
  eden space 34944K, 100% used [0x0000000770000000, 0x0000000772220000, 0x0000000772220000)
  from space 4352K,  43% used [0x0000000772660000, 0x000000077283c330, 0x0000000772aa0000)
  to   space 4352K,   0% used [0x0000000772220000, 0x0000000772220000, 0x0000000772660000)
 tenured generation   total 87424K, used 86837K [0x000000079aaa0000, 0x00000007a0000000, 0x00000007f0000000)
   the space 87424K,  99% used [0x000000079aaa0000, 0x000000079ff6d580, 0x000000079ff6d600, 0x00000007a0000000)
 compacting perm gen  total 131072K, used 68375K [0x00000007f0000000, 0x00000007f8000000, 0x0000000800000000)
   the space 131072K,  52% used [0x00000007f0000000, 0x00000007f42c5c50, 0x00000007f42c5e00, 0x00000007f8000000)
No shared spaces configured.
Event: 667.148 GC heap after
Heap after GC invocations=84 (full 0):
 def new generation   total 39296K, used 1987K [0x0000000770000000, 0x0000000772aa0000, 0x000000079aaa0000)
  eden space 34944K,   0% used [0x0000000770000000, 0x0000000770000000, 0x0000000772220000)
  from space 4352K,  45% used [0x0000000772220000, 0x0000000772410df0, 0x0000000772660000)
  to   space 4352K,   0% used [0x0000000772660000, 0x0000000772660000, 0x0000000772aa0000)
 tenured generation   total 87424K, used 86837K [0x000000079aaa0000, 0x00000007a0000000, 0x00000007f0000000)
   the space 87424K,  99% used [0x000000079aaa0000, 0x000000079ff6d580, 0x000000079ff6d600, 0x00000007a0000000)
 compacting perm gen  total 131072K, used 68375K [0x00000007f0000000, 0x00000007f8000000, 0x0000000800000000)
   the space 131072K,  52% used [0x00000007f0000000, 0x00000007f42c5c50, 0x00000007f42c5e00, 0x00000007f8000000)
No shared spaces configured.
}
Event: 1030.186 GC heap before
{Heap before GC invocations=84 (full 0):
 def new generation   total 39296K, used 36931K [0x0000000770000000, 0x0000000772aa0000, 0x000000079aaa0000)
  eden space 34944K, 100% used [0x0000000770000000, 0x0000000772220000, 0x0000000772220000)
  from space 4352K,  45% used [0x0000000772220000, 0x0000000772410df0, 0x0000000772660000)
  to   space 4352K,   0% used [0x0000000772660000, 0x0000000772660000, 0x0000000772aa0000)
 tenured generation   total 87424K, used 86837K [0x000000079aaa0000, 0x00000007a0000000, 0x00000007f0000000)
   the space 87424K,  99% used [0x000000079aaa0000, 0x000000079ff6d580, 0x000000079ff6d600, 0x00000007a0000000)
 compacting perm gen  total 131072K, used 68422K [0x00000007f0000000, 0x00000007f8000000, 0x0000000800000000)
   the space 131072K,  52% used [0x00000007f0000000, 0x00000007f42d19a8, 0x00000007f42d1a00, 0x00000007f8000000)
No shared spaces configured.
Event: 1030.192 GC heap after
Heap after GC invocations=85 (full 0):
 def new generation   total 39296K, used 2093K [0x0000000770000000, 0x0000000772aa0000, 0x000000079aaa0000)
  eden space 34944K,   0% used [0x0000000770000000, 0x0000000770000000, 0x0000000772220000)
  from space 4352K,  48% used [0x0000000772660000, 0x000000077286b600, 0x0000000772aa0000)
  to   space 4352K,   0% used [0x0000000772220000, 0x0000000772220000, 0x0000000772660000)
 tenured generation   total 87424K, used 86837K [0x000000079aaa0000, 0x00000007a0000000, 0x00000007f0000000)
   the space 87424K,  99% used [0x000000079aaa0000, 0x000000079ff6d580, 0x000000079ff6d600, 0x00000007a0000000)
 compacting perm gen  total 131072K, used 68422K [0x00000007f0000000, 0x00000007f8000000, 0x0000000800000000)
   the space 131072K,  52% used [0x00000007f0000000, 0x00000007f42d19a8, 0x00000007f42d1a00, 0x00000007f8000000)
No shared spaces configured.
}
Event: 1364.852 GC heap before
{Heap before GC invocations=85 (full 0):
 def new generation   total 39296K, used 37037K [0x0000000770000000, 0x0000000772aa0000, 0x000000079aaa0000)
  eden space 34944K, 100% used [0x0000000770000000, 0x0000000772220000, 0x0000000772220000)
  from space 4352K,  48% used [0x0000000772660000, 0x000000077286b600, 0x0000000772aa0000)
  to   space 4352K,   0% used [0x0000000772220000, 0x0000000772220000, 0x0000000772660000)
 tenured generation   total 87424K, used 86837K [0x000000079aaa0000, 0x00000007a0000000, 0x00000007f0000000)
   the space 87424K,  99% used [0x000000079aaa0000, 0x000000079ff6d580, 0x000000079ff6d600, 0x00000007a0000000)
 compacting perm gen  total 131072K, used 68443K [0x00000007f0000000, 0x00000007f8000000, 0x0000000800000000)
   the space 131072K,  52% used [0x00000007f0000000, 0x00000007f42d6e10, 0x00000007f42d7000, 0x00000007f8000000)
No shared spaces configured.
Event: 1364.860 GC heap after
Heap after GC invocations=86 (full 0):
 def new generation   total 39296K, used 2371K [0x0000000770000000, 0x0000000772aa0000, 0x000000079aaa0000)
  eden space 34944K,   0% used [0x0000000770000000, 0x0000000770000000, 0x0000000772220000)
  from space 4352K,  54% used [0x0000000772220000, 0x0000000772470d58, 0x0000000772660000)
  to   space 4352K,   0% used [0x0000000772660000, 0x0000000772660000, 0x0000000772aa0000)
 tenured generation   total 87424K, used 86837K [0x000000079aaa0000, 0x00000007a0000000, 0x00000007f0000000)
   the space 87424K,  99% used [0x000000079aaa0000, 0x000000079ff6d580, 0x000000079ff6d600, 0x00000007a0000000)
 compacting perm gen  total 131072K, used 68443K [0x00000007f0000000, 0x00000007f8000000, 0x0000000800000000)
   the space 131072K,  52% used [0x00000007f0000000, 0x00000007f42d6e10, 0x00000007f42d7000, 0x00000007f8000000)
No shared spaces configured.
}

